<descriptor-repository version="1.0">
    <class-descriptor class="edu.cornell.kfs.sys.businessobject.TestOjbMaintenanceDocument" table="TEST_MAINT_DOC_T">
        <field-descriptor name="documentNumber" column="DOC_HDR_ID" jdbc-type="VARCHAR" primarykey="true"/>
        <field-descriptor name="objectId" column="OBJ_ID" jdbc-type="VARCHAR" index="true"/>
        <field-descriptor name="versionNumber" column="VER_NBR" jdbc-type="BIGINT" locking="true"/>
        <field-descriptor name="xmlDocumentContents" column="DOC_CNTNT" jdbc-type="CLOB"
                          conversion="org.kuali.kfs.core.framework.persistence.ojb.conversion.OjbKualiEncryptDecryptFieldConversion"/>
    </class-descriptor>
</descriptor-repository>
