<descriptor-repository version="1.0">
    <class-descriptor class="edu.cornell.kfs.sys.businessobject.TestOjbMaintenanceDocument" table="TEST_MAINT_DOC_T">
        <field-descriptor name="documentNumber" column="DOC_HDR_ID" jdbc-type="VARCHAR" primarykey="true"/>
        <field-descriptor name="objectId" column="OBJ_ID" jdbc-type="VARCHAR" index="true"/>
        <field-descriptor name="versionNumber" column="VER_NBR" jdbc-type="BIGINT" locking="true"/>
        <field-descriptor name="xmlDocumentContents" column="DOC_CNTNT" jdbc-type="CLOB"
                          conversion="org.kuali.kfs.core.framework.persistence.ojb.conversion.OjbKualiEncryptDecryptFieldConversion"/>
    </class-descriptor>

    <class-descriptor class="edu.cornell.kfs.sys.businessobject.TestOjbState" table="test_st_t">
        <field-descriptor name="countryCode" column="postal_cntry_cd" jdbc-type="varchar" primarykey="true" indexed="true" />
        <field-descriptor name="code" column="postal_state_cd" jdbc-type="varchar" primarykey="true" indexed="true" />
        <field-descriptor name="name" column="postal_state_nm" jdbc-type="varchar" />
        <field-descriptor name="objectId" column="obj_id" jdbc-type="varchar" indexed="true" />
        <field-descriptor name="versionNumber" column="ver_nbr" jdbc-type="bigint" locking="true" />
        <field-descriptor name="lastUpdatedTimestamp" column="LAST_UPDT_TS" jdbc-type="TIMESTAMP" index="true"/>
        <field-descriptor name="active" column="actv_ind" jdbc-type="varchar"
                          conversion="org.kuali.kfs.core.framework.persistence.ojb.conversion.OjbCharBooleanConversion"/>
        <reference-descriptor name="country" class-ref="org.kuali.kfs.sys.businessobject.Country"
                              auto-retrieve="true" auto-update="none" auto-delete="none">
            <foreignkey field-ref="countryCode" target-field-ref="code" />
        </reference-descriptor>
    </class-descriptor>
</descriptor-repository>
