<descriptor-repository version="1.0">
    <class-descriptor class="edu.cornell.kfs.tax.businessobject.TestTaxObject" table="TEST_TAX_OBJECT_T">
        <field-descriptor name="ID" column="TAX_OBJ_ID" jdbc-type="BIGINT" primarykey="true"/>
        <field-descriptor name="objectId" column="OBJ_ID" jdbc-type="VARCHAR" index="true"/>
        <field-descriptor name="versionNumber" column="VER_NBR" jdbc-type="BIGINT" locking="true"/>
        <field-descriptor name="eInvoiceId" column="EINVOICE_ID" jdbc-type="VARCHAR"/>
        <field-descriptor name="amount" column="AMT" jdbc-type="DECIMAL"
                          conversion="org.kuali.kfs.core.framework.persistence.ojb.conversion.OjbKualiDecimalFieldConversion"/>
        <field-descriptor name="secretValue" column="SECRET_VAL" jdbc-type="VARCHAR"
                          conversion="org.kuali.kfs.core.framework.persistence.ojb.conversion.OjbKualiEncryptDecryptFieldConversion"/>
        <field-descriptor name="valueNotNeededByDto" column="OTHER_VAL" jdbc-type="VARCHAR"/>
        <field-descriptor name="count" column="CNT" jdbc-type="INTEGER"/>
        <field-descriptor name="active" column="ACTV_IND" jdbc-type="VARCHAR"
                          conversion="org.kuali.kfs.core.framework.persistence.ojb.conversion.OjbCharBooleanConversion"/>
    </class-descriptor>
</descriptor-repository>
