<descriptor-repository version="1.0">
    <class-descriptor class="org.kuali.kfs.coreservice.impl.component.Component" table="KRCR_CMPNT_T">
        <field-descriptor name="namespaceCode" column="NMSPC_CD" jdbc-type="VARCHAR" primarykey="true"/>
        <field-descriptor name="code" column="CMPNT_CD" jdbc-type="VARCHAR" primarykey="true"/>
        <field-descriptor name="name" column="NM" jdbc-type="VARCHAR"/>
        <field-descriptor name="active" column="ACTV_IND" jdbc-type="VARCHAR"
                          conversion="org.kuali.kfs.core.framework.persistence.ojb.conversion.OjbCharBooleanConversion"/>
        <field-descriptor name="objectId" column="OBJ_ID" jdbc-type="VARCHAR" indexed="true"/>
        <field-descriptor name="versionNumber" column="VER_NBR" jdbc-type="BIGINT" locking="true"/>
        <reference-descriptor name="namespace" class-ref="org.kuali.kfs.coreservice.impl.namespace.Namespace"
                              auto-retrieve="true" auto-update="none" auto-delete="none">
            <foreignkey field-ref="namespaceCode" target-field-ref="code"/>
        </reference-descriptor>
    </class-descriptor>
</descriptor-repository>
